<?xml version="1.0" encoding="UTF-8"?>
<coverage generated="1766576864750" clover="3.2.0">
  <project timestamp="1766576864750" name="All files">
    <metrics statements="36" coveredstatements="31" conditionals="32" coveredconditionals="27" methods="3" coveredmethods="3" elements="71" coveredelements="61" complexity="0" loc="36" ncloc="36" packages="1" files="1" classes="1"/>
    <file name="auth.js" path="D:\FullStack\DuAn\big-project\Skill_Master\backend\src\middleware\auth.js">
      <metrics statements="36" coveredstatements="31" conditionals="32" coveredconditionals="27" methods="3" coveredmethods="3"/>
      <line num="7" count="1" type="stmt"/>
      <line num="8" count="5" type="stmt"/>
      <line num="10" count="5" type="stmt"/>
      <line num="12" count="5" type="cond" truecount="4" falsecount="0"/>
      <line num="13" count="2" type="stmt"/>
      <line num="19" count="3" type="stmt"/>
      <line num="22" count="3" type="cond" truecount="6" falsecount="0"/>
      <line num="23" count="1" type="stmt"/>
      <line num="28" count="1" type="stmt"/>
      <line num="34" count="2" type="stmt"/>
      <line num="37" count="2" type="stmt"/>
      <line num="39" count="2" type="cond" truecount="2" falsecount="0"/>
      <line num="40" count="1" type="stmt"/>
      <line num="42" count="2" type="cond" truecount="2" falsecount="0"/>
      <line num="43" count="1" type="stmt"/>
      <line num="46" count="2" type="cond" truecount="4" falsecount="0"/>
      <line num="47" count="1" type="stmt"/>
      <line num="54" count="1" type="stmt"/>
      <line num="71" count="1" type="cond" truecount="1" falsecount="1"/>
      <line num="72" count="0" type="stmt"/>
      <line num="76" count="1" type="stmt"/>
      <line num="85" count="1" type="stmt"/>
      <line num="87" count="1" type="stmt"/>
      <line num="89" count="0" type="stmt"/>
      <line num="90" count="0" type="stmt"/>
      <line num="101" count="1" type="stmt"/>
      <line num="102" count="3" type="stmt"/>
      <line num="103" count="3" type="stmt"/>
      <line num="105" count="3" type="stmt"/>
      <line num="107" count="3" type="stmt"/>
      <line num="109" count="3" type="cond" truecount="4" falsecount="0"/>
      <line num="110" count="2" type="stmt"/>
      <line num="111" count="2" type="stmt"/>
      <line num="117" count="1" type="stmt"/>
      <line num="119" count="0" type="stmt"/>
      <line num="120" count="0" type="stmt"/>
    </file>
  </project>
</coverage>
