{"D:\\FullStack\\DuAn\\big-project\\Skill_Master\\backend\\src\\middleware\\auth.js": {"path":"D:\\FullStack\\DuAn\\big-project\\Skill_Master\\backend\\src\\middleware\\auth.js","statementMap":{"0":{"start":{"line":7,"column":27},"end":{"line":95,"column":1}},"1":{"start":{"line":8,"column":2},"end":{"line":94,"column":3}},"2":{"start":{"line":10,"column":23},"end":{"line":10,"column":48}},"3":{"start":{"line":12,"column":4},"end":{"line":17,"column":5}},"4":{"start":{"line":13,"column":6},"end":{"line":16,"column":9}},"5":{"start":{"line":19,"column":18},"end":{"line":19,"column":42}},"6":{"start":{"line":22,"column":4},"end":{"line":32,"column":5}},"7":{"start":{"line":23,"column":6},"end":{"line":27,"column":9}},"8":{"start":{"line":28,"column":6},"end":{"line":31,"column":9}},"9":{"start":{"line":34,"column":4},"end":{"line":34,"column":71}},"10":{"start":{"line":37,"column":38},"end":{"line":37,"column":72}},"11":{"start":{"line":39,"column":4},"end":{"line":41,"column":5}},"12":{"start":{"line":40,"column":6},"end":{"line":40,"column":44}},"13":{"start":{"line":42,"column":4},"end":{"line":44,"column":5}},"14":{"start":{"line":43,"column":6},"end":{"line":43,"column":39}},"15":{"start":{"line":46,"column":4},"end":{"line":51,"column":5}},"16":{"start":{"line":47,"column":6},"end":{"line":50,"column":9}},"17":{"start":{"line":54,"column":51},"end":{"line":69,"column":15}},"18":{"start":{"line":71,"column":4},"end":{"line":73,"column":5}},"19":{"start":{"line":72,"column":6},"end":{"line":72,"column":74}},"20":{"start":{"line":76,"column":4},"end":{"line":82,"column":6}},"21":{"start":{"line":85,"column":4},"end":{"line":85,"column":110}},"22":{"start":{"line":87,"column":4},"end":{"line":87,"column":11}},"23":{"start":{"line":89,"column":4},"end":{"line":89,"column":52}},"24":{"start":{"line":90,"column":4},"end":{"line":93,"column":7}},"25":{"start":{"line":101,"column":27},"end":{"line":126,"column":1}},"26":{"start":{"line":102,"column":2},"end":{"line":125,"column":4}},"27":{"start":{"line":103,"column":4},"end":{"line":124,"column":5}},"28":{"start":{"line":105,"column":23},"end":{"line":105,"column":41}},"29":{"start":{"line":107,"column":6},"end":{"line":107,"column":80}},"30":{"start":{"line":109,"column":6},"end":{"line":115,"column":7}},"31":{"start":{"line":110,"column":8},"end":{"line":110,"column":151}},"32":{"start":{"line":111,"column":8},"end":{"line":114,"column":11}},"33":{"start":{"line":117,"column":6},"end":{"line":117,"column":13}},"34":{"start":{"line":119,"column":6},"end":{"line":119,"column":54}},"35":{"start":{"line":120,"column":6},"end":{"line":123,"column":9}}},"fnMap":{"0":{"name":"(anonymous_0)","decl":{"start":{"line":7,"column":27},"end":{"line":7,"column":28}},"loc":{"start":{"line":7,"column":53},"end":{"line":95,"column":1}},"line":7},"1":{"name":"(anonymous_1)","decl":{"start":{"line":101,"column":27},"end":{"line":101,"column":28}},"loc":{"start":{"line":101,"column":45},"end":{"line":126,"column":1}},"line":101},"2":{"name":"(anonymous_2)","decl":{"start":{"line":102,"column":9},"end":{"line":102,"column":10}},"loc":{"start":{"line":102,"column":35},"end":{"line":125,"column":3}},"line":102}},"branchMap":{"0":{"loc":{"start":{"line":12,"column":4},"end":{"line":17,"column":5}},"type":"if","locations":[{"start":{"line":12,"column":4},"end":{"line":17,"column":5}},{"start":{},"end":{}}],"line":12},"1":{"loc":{"start":{"line":12,"column":8},"end":{"line":12,"column":56}},"type":"binary-expr","locations":[{"start":{"line":12,"column":8},"end":{"line":12,"column":19}},{"start":{"line":12,"column":23},"end":{"line":12,"column":56}}],"line":12},"2":{"loc":{"start":{"line":22,"column":4},"end":{"line":32,"column":5}},"type":"if","locations":[{"start":{"line":22,"column":4},"end":{"line":32,"column":5}},{"start":{},"end":{}}],"line":22},"3":{"loc":{"start":{"line":22,"column":8},"end":{"line":22,"column":80}},"type":"binary-expr","locations":[{"start":{"line":22,"column":8},"end":{"line":22,"column":14}},{"start":{"line":22,"column":18},"end":{"line":22,"column":34}},{"start":{"line":22,"column":38},"end":{"line":22,"column":59}},{"start":{"line":22,"column":63},"end":{"line":22,"column":80}}],"line":22},"4":{"loc":{"start":{"line":39,"column":4},"end":{"line":41,"column":5}},"type":"if","locations":[{"start":{"line":39,"column":4},"end":{"line":41,"column":5}},{"start":{},"end":{}}],"line":39},"5":{"loc":{"start":{"line":42,"column":4},"end":{"line":44,"column":5}},"type":"if","locations":[{"start":{"line":42,"column":4},"end":{"line":44,"column":5}},{"start":{},"end":{}}],"line":42},"6":{"loc":{"start":{"line":46,"column":4},"end":{"line":51,"column":5}},"type":"if","locations":[{"start":{"line":46,"column":4},"end":{"line":51,"column":5}},{"start":{},"end":{}}],"line":46},"7":{"loc":{"start":{"line":46,"column":8},"end":{"line":46,"column":22}},"type":"binary-expr","locations":[{"start":{"line":46,"column":8},"end":{"line":46,"column":13}},{"start":{"line":46,"column":17},"end":{"line":46,"column":22}}],"line":46},"8":{"loc":{"start":{"line":71,"column":4},"end":{"line":73,"column":5}},"type":"if","locations":[{"start":{"line":71,"column":4},"end":{"line":73,"column":5}},{"start":{},"end":{}}],"line":71},"9":{"loc":{"start":{"line":78,"column":15},"end":{"line":78,"column":30}},"type":"binary-expr","locations":[{"start":{"line":78,"column":15},"end":{"line":78,"column":22}},{"start":{"line":78,"column":26},"end":{"line":78,"column":30}}],"line":78},"10":{"loc":{"start":{"line":79,"column":16},"end":{"line":79,"column":44}},"type":"binary-expr","locations":[{"start":{"line":79,"column":16},"end":{"line":79,"column":36}},{"start":{"line":79,"column":40},"end":{"line":79,"column":44}}],"line":79},"11":{"loc":{"start":{"line":80,"column":16},"end":{"line":80,"column":42}},"type":"binary-expr","locations":[{"start":{"line":80,"column":16},"end":{"line":80,"column":34}},{"start":{"line":80,"column":38},"end":{"line":80,"column":42}}],"line":80},"12":{"loc":{"start":{"line":81,"column":17},"end":{"line":81,"column":43}},"type":"binary-expr","locations":[{"start":{"line":81,"column":17},"end":{"line":81,"column":35}},{"start":{"line":81,"column":39},"end":{"line":81,"column":43}}],"line":81},"13":{"loc":{"start":{"line":109,"column":6},"end":{"line":115,"column":7}},"type":"if","locations":[{"start":{"line":109,"column":6},"end":{"line":115,"column":7}},{"start":{},"end":{}}],"line":109},"14":{"loc":{"start":{"line":109,"column":10},"end":{"line":109,"column":55}},"type":"binary-expr","locations":[{"start":{"line":109,"column":10},"end":{"line":109,"column":19}},{"start":{"line":109,"column":23},"end":{"line":109,"column":55}}],"line":109}},"s":{"0":1,"1":5,"2":5,"3":5,"4":2,"5":3,"6":3,"7":1,"8":1,"9":2,"10":2,"11":2,"12":1,"13":2,"14":1,"15":2,"16":1,"17":1,"18":1,"19":0,"20":1,"21":1,"22":1,"23":0,"24":0,"25":1,"26":3,"27":3,"28":3,"29":3,"30":3,"31":2,"32":2,"33":1,"34":0,"35":0},"f":{"0":5,"1":3,"2":3},"b":{"0":[2,3],"1":[5,4],"2":[1,2],"3":[3,3,3,3],"4":[1,1],"5":[1,1],"6":[1,1],"7":[2,1],"8":[0,1],"9":[1,0],"10":[1,0],"11":[1,0],"12":[1,0],"13":[2,1],"14":[3,2]},"_coverageSchema":"1a1c01bbd47fc00a2c39e90264f33305004495a9","hash":"765c17db67ecfb2eb640b3d0a6dd8128dccf8600"}
}
