TN:
SF:src\middleware\auth.js
FN:7,(anonymous_0)
FN:101,(anonymous_1)
FN:102,(anonymous_2)
FNF:3
FNH:3
FNDA:5,(anonymous_0)
FNDA:3,(anonymous_1)
FNDA:3,(anonymous_2)
DA:7,1
DA:8,5
DA:10,5
DA:12,5
DA:13,2
DA:19,3
DA:22,3
DA:23,1
DA:28,1
DA:34,2
DA:37,2
DA:39,2
DA:40,1
DA:42,2
DA:43,1
DA:46,2
DA:47,1
DA:54,1
DA:71,1
DA:72,0
DA:76,1
DA:85,1
DA:87,1
DA:89,0
DA:90,0
DA:101,1
DA:102,3
DA:103,3
DA:105,3
DA:107,3
DA:109,3
DA:110,2
DA:111,2
DA:117,1
DA:119,0
DA:120,0
LF:36
LH:31
BRDA:12,0,0,2
BRDA:12,0,1,3
BRDA:12,1,0,5
BRDA:12,1,1,4
BRDA:22,2,0,1
BRDA:22,2,1,2
BRDA:22,3,0,3
BRDA:22,3,1,3
BRDA:22,3,2,3
BRDA:22,3,3,3
BRDA:39,4,0,1
BRDA:39,4,1,1
BRDA:42,5,0,1
BRDA:42,5,1,1
BRDA:46,6,0,1
BRDA:46,6,1,1
BRDA:46,7,0,2
BRDA:46,7,1,1
BRDA:71,8,0,0
BRDA:71,8,1,1
BRDA:78,9,0,1
BRDA:78,9,1,0
BRDA:79,10,0,1
BRDA:79,10,1,0
BRDA:80,11,0,1
BRDA:80,11,1,0
BRDA:81,12,0,1
BRDA:81,12,1,0
BRDA:109,13,0,2
BRDA:109,13,1,1
BRDA:109,14,0,3
BRDA:109,14,1,2
BRF:32
BRH:27
end_of_record
